0 info it worked if it ends with ok
1 verbose cli [ 'node',
1 verbose cli   '/usr/local/bin/npm',
1 verbose cli   'install',
1 verbose cli   '--save',
1 verbose cli   'angular-mock' ]
2 info using npm@1.4.3
3 info using node@v0.10.26
4 warn package.json meanblog@0.0.1 No description
5 warn package.json meanblog@0.0.1 No repository field.
6 warn package.json meanblog@0.0.1 No README data
7 verbose readDependencies using package.json deps
8 verbose cache add [ 'angular-mock', null ]
9 verbose cache add name=undefined spec="angular-mock" args=["angular-mock",null]
10 verbose parsed url { protocol: null,
10 verbose parsed url   slashes: null,
10 verbose parsed url   auth: null,
10 verbose parsed url   host: null,
10 verbose parsed url   port: null,
10 verbose parsed url   hostname: null,
10 verbose parsed url   hash: null,
10 verbose parsed url   search: null,
10 verbose parsed url   query: null,
10 verbose parsed url   pathname: 'angular-mock',
10 verbose parsed url   path: 'angular-mock',
10 verbose parsed url   href: 'angular-mock' }
11 silly lockFile 145c7453-angular-mock angular-mock
12 verbose lock angular-mock /Users/cphoniball/.npm/145c7453-angular-mock.lock
13 silly lockFile 145c7453-angular-mock angular-mock
14 silly lockFile 145c7453-angular-mock angular-mock
15 verbose addNamed [ 'angular-mock', '' ]
16 verbose addNamed [ null, '*' ]
17 silly lockFile 869d9d84-angular-mock angular-mock@
18 verbose lock angular-mock@ /Users/cphoniball/.npm/869d9d84-angular-mock.lock
19 silly addNameRange { name: 'angular-mock', range: '*', hasData: false }
20 verbose url raw angular-mock
21 verbose url resolving [ 'https://registry.npmjs.org/', './angular-mock' ]
22 verbose url resolved https://registry.npmjs.org/angular-mock
23 info trying registry request attempt 1 at 10:26:02
24 http GET https://registry.npmjs.org/angular-mock
25 http 404 https://registry.npmjs.org/angular-mock
26 silly registry.get cb [ 404,
26 silly registry.get   { date: 'Fri, 25 Apr 2014 15:26:03 GMT',
26 silly registry.get     server: 'CouchDB/1.5.0 (Erlang OTP/R14B04)',
26 silly registry.get     'content-type': 'application/json',
26 silly registry.get     via: '1.1 varnish',
26 silly registry.get     'cache-control': 'max-age=0',
26 silly registry.get     'content-length': '52',
26 silly registry.get     'accept-ranges': 'bytes',
26 silly registry.get     age: '0',
26 silly registry.get     'x-served-by': 'cache-v37-ASH, cache-jfk1022-JFK',
26 silly registry.get     'x-cache': 'MISS, MISS',
26 silly registry.get     'x-cache-hits': '0, 0',
26 silly registry.get     'x-timer': 'S1398439563.694101810,VS0,VS4,VE97,VE100',
26 silly registry.get     'keep-alive': 'timeout=10, max=50',
26 silly registry.get     connection: 'Keep-Alive' } ]
27 silly lockFile 869d9d84-angular-mock angular-mock@
28 silly lockFile 869d9d84-angular-mock angular-mock@
29 error 404 'angular-mock' is not in the npm registry.
29 error 404 You should bug the author to publish it
29 error 404 It was specified as a dependency of 'meanblog'
29 error 404
29 error 404 Note that you can also install from a
29 error 404 tarball, folder, or http url, or git url.
30 error System Darwin 13.1.0
31 error command "node" "/usr/local/bin/npm" "install" "--save" "angular-mock"
32 error cwd /Users/cphoniball/Dropbox/nodedocs/meanblog
33 error node -v v0.10.26
34 error npm -v 1.4.3
35 error code E404
36 verbose exit [ 1, true ]
